<?xml version="1.0" encoding="UTF-8"?>
<!-- Generated by org.testng.reporters.JUnitReportReporter -->
<testsuite hostname="DESKTOP-JD8C80B" failures="0" tests="4" name="usbangla.us_bangla_autoamtion.UsBangla" time="85.015" errors="0" timestamp="2023-07-26T20:19:43 BDT" skipped="0">
  <testcase classname="usbangla.us_bangla_autoamtion.UsBangla" name="verifyLogin" time="22.840"/>
  <testcase classname="usbangla.us_bangla_autoamtion.UsBangla" name="verifyTitle" time="4.382"/>
  <testcase classname="usbangla.us_bangla_autoamtion.UsBangla" name="verifyLogo" time="2.448"/>
  <testcase classname="usbangla.us_bangla_autoamtion.UsBangla" name="BookTicket" time="55.345"/>
</testsuite> <!-- usbangla.us_bangla_autoamtion.UsBangla -->
